<?xml version="1.0" encoding="UTF-8"?>
<!-- Generated by org.testng.reporters.JUnitReportReporter -->
<testsuite hostname="HNBA113978" failures="0" tests="5" name="scenario.MainTest" time="35.203" errors="0" timestamp="2022-04-29T14:01:19 MSK" skipped="0">
  <testcase classname="scenario.MainTest" name="test1" time="16.451"/>
  <system-out/>
  <testcase classname="scenario.MainTest" name="test5" time="4.623"/>
  <system-out/>
  <testcase classname="scenario.MainTest" name="test2" time="5.479"/>
  <system-out/>
  <testcase classname="scenario.MainTest" name="test4" time="4.217"/>
  <system-out/>
  <testcase classname="scenario.MainTest" name="test3" time="4.433"/>
  <system-out/>
</testsuite> <!-- scenario.MainTest -->
